TN:
SF:src/controllers/quote.controller.ts
FN:11,(anonymous_8)
FN:43,(anonymous_10)
FN:75,(anonymous_12)
FN:98,(anonymous_14)
FN:129,(anonymous_16)
FN:206,(anonymous_18)
FN:265,(anonymous_20)
FN:310,(anonymous_22)
FNF:8
FNH:8
FNDA:4,(anonymous_8)
FNDA:2,(anonymous_10)
FNDA:2,(anonymous_12)
FNDA:2,(anonymous_14)
FNDA:1,(anonymous_16)
FNDA:2,(anonymous_18)
FNDA:3,(anonymous_20)
FNDA:1,(anonymous_22)
DA:2,1
DA:4,1
DA:5,1
DA:7,1
DA:8,1
DA:10,1
DA:12,4
DA:13,4
DA:14,4
DA:15,1
DA:22,3
DA:27,1
DA:28,1
DA:35,2
DA:36,2
DA:37,1
DA:39,1
DA:44,2
DA:45,2
DA:46,2
DA:47,1
DA:54,1
DA:59,1
DA:60,1
DA:67,0
DA:68,0
DA:69,0
DA:71,0
DA:76,2
DA:77,2
DA:78,2
DA:79,1
DA:86,1
DA:87,1
DA:88,1
DA:90,0
DA:91,0
DA:92,0
DA:94,0
DA:99,2
DA:100,2
DA:101,2
DA:102,1
DA:109,1
DA:114,1
DA:121,0
DA:122,0
DA:123,0
DA:125,0
DA:130,1
DA:131,1
DA:132,1
DA:133,0
DA:140,1
DA:175,1
DA:179,1
DA:180,1
DA:198,0
DA:199,0
DA:200,0
DA:202,0
DA:207,2
DA:208,2
DA:209,2
DA:211,2
DA:212,0
DA:219,2
DA:223,2
DA:226,2
DA:227,1
DA:234,1
DA:249,1
DA:250,1
DA:255,1
DA:257,0
DA:258,0
DA:259,0
DA:261,0
DA:266,3
DA:267,3
DA:268,3
DA:269,1
DA:276,2
DA:282,1
DA:290,1
DA:296,1
DA:300,1
DA:301,0
DA:303,1
DA:304,1
DA:306,0
DA:311,1
DA:312,1
DA:316,1
DA:317,0
DA:324,1
DA:345,1
DA:351,1
DA:352,1
DA:367,0
DA:371,0
DA:372,0
DA:374,0
LF:103
LH:74
BRDA:14,0,0,1
BRDA:14,1,0,0
BRDA:14,1,1,4
BRDA:14,2,0,4
BRDA:14,2,1,4
BRDA:36,3,0,1
BRDA:46,4,0,1
BRDA:46,5,0,0
BRDA:46,5,1,2
BRDA:46,6,0,2
BRDA:46,6,1,2
BRDA:68,7,0,0
BRDA:78,8,0,1
BRDA:78,9,0,0
BRDA:78,9,1,2
BRDA:78,10,0,2
BRDA:78,10,1,2
BRDA:91,11,0,0
BRDA:101,12,0,1
BRDA:101,13,0,0
BRDA:101,13,1,2
BRDA:101,14,0,2
BRDA:101,14,1,2
BRDA:122,15,0,0
BRDA:132,16,0,0
BRDA:132,17,0,0
BRDA:132,17,1,1
BRDA:132,18,0,1
BRDA:132,18,1,1
BRDA:141,19,0,1
BRDA:141,19,1,0
BRDA:144,20,0,1
BRDA:144,20,1,0
BRDA:154,21,0,0
BRDA:154,21,1,1
BRDA:160,22,0,0
BRDA:160,22,1,1
BRDA:163,23,0,0
BRDA:163,23,1,1
BRDA:189,24,0,1
BRDA:189,24,1,0
BRDA:190,25,0,1
BRDA:190,25,1,0
BRDA:199,26,0,0
BRDA:211,27,0,0
BRDA:211,28,0,0
BRDA:211,28,1,2
BRDA:211,29,0,2
BRDA:211,29,1,2
BRDA:226,30,0,1
BRDA:226,31,0,0
BRDA:226,31,1,2
BRDA:226,32,0,2
BRDA:226,32,1,2
BRDA:258,33,0,0
BRDA:268,34,0,1
BRDA:268,35,0,0
BRDA:268,35,1,3
BRDA:268,36,0,3
BRDA:268,36,1,3
BRDA:300,37,0,0
BRDA:303,38,0,1
BRDA:316,39,0,0
BRDA:316,40,0,0
BRDA:316,40,1,1
BRDA:316,41,0,1
BRDA:316,41,1,1
BRDA:325,42,0,1
BRDA:325,42,1,0
BRDA:328,43,0,1
BRDA:328,43,1,0
BRDA:335,44,0,0
BRDA:335,44,1,1
BRDA:338,45,0,0
BRDA:338,45,1,1
BRDA:361,46,0,1
BRDA:361,46,1,0
BRDA:362,47,0,1
BRDA:362,47,1,0
BRDA:371,48,0,0
BRF:80
BRH:48
end_of_record
TN:
SF:src/routes/quote.routes.ts
FNF:0
FNH:0
DA:1,1
DA:2,1
DA:3,1
DA:4,1
DA:5,1
DA:10,1
DA:12,1
DA:19,1
DA:21,1
DA:27,1
DA:31,1
DA:38,1
DA:40,1
DA:42,1
DA:44,1
LF:15
LH:15
BRF:0
BRH:0
end_of_record
TN:
SF:src/services/quote.service.ts
FN:24,(anonymous_8)
FN:36,(anonymous_9)
FN:37,(anonymous_10)
FN:48,(anonymous_11)
FN:62,(anonymous_12)
FN:65,(anonymous_13)
FN:66,(anonymous_14)
FN:84,(anonymous_15)
FN:93,(anonymous_17)
FN:93,(anonymous_18)
FN:98,(anonymous_19)
FN:99,(anonymous_20)
FN:127,(anonymous_21)
FN:127,(anonymous_22)
FN:254,(anonymous_23)
FN:263,(anonymous_25)
FN:263,(anonymous_26)
FN:332,(anonymous_27)
FN:365,(anonymous_29)
FN:372,(anonymous_31)
FN:372,(anonymous_32)
FN:410,(anonymous_33)
FN:411,(anonymous_34)
FN:613,(anonymous_35)
FN:736,(anonymous_37)
FN:740,(anonymous_39)
FN:740,(anonymous_40)
FN:770,(anonymous_41)
FN:771,(anonymous_42)
FNF:29
FNH:29
FNDA:2,(anonymous_8)
FNDA:3,(anonymous_9)
FNDA:3,(anonymous_10)
FNDA:2,(anonymous_11)
FNDA:1,(anonymous_12)
FNDA:8,(anonymous_13)
FNDA:8,(anonymous_14)
FNDA:3,(anonymous_15)
FNDA:3,(anonymous_17)
FNDA:3,(anonymous_18)
FNDA:3,(anonymous_19)
FNDA:2,(anonymous_20)
FNDA:2,(anonymous_21)
FNDA:2,(anonymous_22)
FNDA:5,(anonymous_23)
FNDA:5,(anonymous_25)
FNDA:5,(anonymous_26)
FNDA:5,(anonymous_27)
FNDA:3,(anonymous_29)
FNDA:3,(anonymous_31)
FNDA:3,(anonymous_32)
FNDA:3,(anonymous_33)
FNDA:3,(anonymous_34)
FNDA:3,(anonymous_35)
FNDA:2,(anonymous_37)
FNDA:2,(anonymous_39)
FNDA:2,(anonymous_40)
FNDA:3,(anonymous_41)
FNDA:3,(anonymous_42)
DA:6,1
DA:10,1
DA:14,1
DA:15,1
DA:20,1
DA:21,1
DA:23,1
DA:25,2
DA:26,2
DA:27,2
DA:30,2
DA:31,2
DA:32,2
DA:33,2
DA:37,3
DA:41,3
DA:42,3
DA:44,2
DA:48,2
DA:55,2
DA:56,1
DA:62,1
DA:66,8
DA:70,8
DA:77,8
DA:78,2
DA:81,6
DA:89,3
DA:91,3
DA:92,3
DA:93,3
DA:94,3
DA:95,3
DA:97,3
DA:98,3
DA:99,2
DA:101,3
DA:108,2
DA:127,2
DA:129,2
DA:130,2
DA:131,2
DA:132,2
DA:134,2
DA:135,1
DA:138,1
DA:139,0
DA:144,1
DA:146,1
DA:147,1
DA:148,1
DA:151,2
DA:154,2
DA:160,2
DA:162,2
DA:164,2
DA:170,0
DA:183,0
DA:186,2
DA:203,2
DA:228,2
DA:238,2
DA:242,1
DA:243,1
DA:247,1
DA:248,1
DA:250,0
DA:259,5
DA:261,5
DA:262,5
DA:263,5
DA:264,5
DA:270,4
DA:271,1
DA:277,3
DA:278,1
DA:284,2
DA:285,1
DA:291,1
DA:310,1
DA:314,1
DA:318,4
DA:322,4
DA:323,4
DA:325,0
DA:336,5
DA:358,5
DA:359,1
DA:362,4
DA:369,3
DA:371,3
DA:372,3
DA:373,3
DA:379,2
DA:380,1
DA:386,1
DA:390,1
DA:396,2
DA:400,2
DA:401,2
DA:403,0
DA:411,3
DA:438,3
DA:440,3
DA:441,3
DA:443,3
DA:444,1
DA:447,3
DA:448,1
DA:451,3
DA:452,1
DA:458,3
DA:459,1
DA:465,3
DA:466,1
DA:467,1
DA:525,3
DA:552,3
DA:554,3
DA:562,3
DA:598,3
DA:618,3
DA:622,3
DA:624,3
DA:625,3
DA:626,1
DA:630,2
DA:644,2
DA:645,1
DA:651,1
DA:654,1
DA:659,1
DA:681,1
DA:700,1
DA:701,1
DA:707,1
DA:717,2
DA:726,2
DA:727,2
DA:729,0
DA:737,2
DA:739,2
DA:740,2
DA:742,2
DA:754,1
DA:759,1
DA:763,1
DA:771,3
DA:775,3
DA:779,3
DA:791,3
DA:793,3
DA:794,3
DA:837,3
DA:854,2
DA:858,2
DA:860,2
DA:870,2
DA:876,1
DA:880,1
LF:160
LH:153
BRDA:39,0,0,0
BRDA:42,1,0,1
BRDA:55,2,0,1
BRDA:68,3,0,0
BRDA:77,4,0,2
BRDA:131,5,0,2
BRDA:131,5,1,1
BRDA:134,6,0,1
BRDA:138,7,0,0
BRDA:164,8,0,0
BRDA:165,9,0,2
BRDA:165,9,1,1
BRDA:165,9,2,0
BRDA:175,10,0,0
BRDA:175,10,1,0
BRDA:188,11,0,2
BRDA:188,11,1,1
BRDA:190,12,0,2
BRDA:190,12,1,1
BRDA:247,13,0,1
BRDA:270,14,0,1
BRDA:277,15,0,1
BRDA:284,16,0,1
BRDA:322,17,0,4
BRDA:358,18,0,1
BRDA:379,19,0,1
BRDA:400,20,0,2
BRDA:412,21,0,1
BRDA:427,22,0,2
BRDA:428,23,0,2
BRDA:436,24,0,2
BRDA:437,25,0,2
BRDA:443,26,0,1
BRDA:447,27,0,1
BRDA:451,28,0,1
BRDA:451,29,0,3
BRDA:451,29,1,2
BRDA:453,30,0,1
BRDA:453,30,1,1
BRDA:454,31,0,1
BRDA:454,31,1,1
BRDA:458,32,0,1
BRDA:458,33,0,3
BRDA:458,33,1,2
BRDA:460,34,0,1
BRDA:460,34,1,1
BRDA:461,35,0,1
BRDA:461,35,1,1
BRDA:465,36,0,1
BRDA:625,37,0,1
BRDA:625,38,0,0
BRDA:625,38,1,3
BRDA:625,39,0,3
BRDA:625,39,1,3
BRDA:644,40,0,1
BRDA:644,41,0,2
BRDA:644,41,1,1
BRDA:654,42,0,0
BRDA:654,42,1,1
BRDA:654,43,0,0
BRDA:654,43,1,1
BRDA:654,44,0,1
BRDA:654,44,1,1
BRDA:655,45,0,0
BRDA:655,45,1,0
BRDA:655,46,0,0
BRDA:655,46,1,0
BRDA:655,47,0,0
BRDA:655,47,1,0
BRDA:655,48,0,0
BRDA:655,48,1,0
BRDA:656,49,0,0
BRDA:656,49,1,1
BRDA:656,50,0,1
BRDA:656,50,1,1
BRDA:656,51,0,0
BRDA:656,51,1,1
BRDA:656,52,0,1
BRDA:656,52,1,1
BRDA:656,53,0,0
BRDA:656,53,1,1
BRDA:656,54,0,1
BRDA:656,54,1,1
BRDA:656,55,0,0
BRDA:656,55,1,1
BRDA:656,56,0,1
BRDA:656,56,1,1
BRDA:675,57,0,0
BRDA:675,57,1,1
BRDA:675,58,0,1
BRDA:675,58,1,1
BRDA:700,59,0,1
BRDA:712,60,0,0
BRDA:712,60,1,1
BRDA:712,61,0,1
BRDA:712,61,1,1
BRDA:726,62,0,2
BRDA:773,63,0,2
BRDA:781,64,0,2
BRDA:782,65,0,2
BRDA:789,66,0,2
BRDA:790,67,0,2
BRDA:797,68,0,3
BRDA:797,68,1,1
BRDA:798,69,0,3
BRDA:798,69,1,1
BRDA:803,70,0,3
BRDA:803,70,1,1
BRDA:808,71,0,3
BRDA:808,71,1,1
BRDA:813,72,0,3
BRDA:813,72,1,1
BRDA:818,73,0,3
BRDA:818,73,1,1
BRDA:865,74,0,2
BRDA:865,74,1,1
BRF:116
BRH:92
end_of_record
