TN:
SF:src/controllers/customer.controller.ts
FN:10,(anonymous_7)
FN:49,(anonymous_9)
FN:85,(anonymous_11)
FN:125,(anonymous_13)
FN:156,(anonymous_15)
FNF:5
FNH:5
FNDA:4,(anonymous_7)
FNDA:3,(anonymous_9)
FNDA:2,(anonymous_11)
FNDA:2,(anonymous_13)
FNDA:2,(anonymous_15)
DA:2,1
DA:4,1
DA:5,1
DA:7,1
DA:9,1
DA:11,4
DA:12,4
DA:13,4
DA:14,1
DA:21,3
DA:26,1
DA:27,1
DA:34,2
DA:35,2
DA:36,1
DA:38,1
DA:39,1
DA:40,0
DA:42,1
DA:44,0
DA:45,0
DA:50,3
DA:51,3
DA:52,3
DA:53,1
DA:60,2
DA:64,1
DA:65,1
DA:72,1
DA:73,1
DA:74,0
DA:76,1
DA:77,1
DA:78,1
DA:80,0
DA:81,0
DA:86,2
DA:87,2
DA:88,2
DA:89,0
DA:96,2
DA:101,1
DA:102,1
DA:109,1
DA:110,1
DA:111,0
DA:113,1
DA:114,1
DA:115,1
DA:116,1
DA:118,0
DA:120,0
DA:121,0
DA:126,2
DA:127,2
DA:128,2
DA:129,1
DA:136,1
DA:140,1
DA:141,1
DA:143,0
DA:144,0
DA:145,0
DA:147,0
DA:148,0
DA:149,0
DA:151,0
DA:152,0
DA:157,2
DA:158,2
DA:159,2
DA:160,0
DA:167,2
DA:180,2
DA:184,2
DA:185,2
DA:200,0
DA:201,0
DA:202,0
DA:204,0
DA:205,0
LF:81
LH:56
BRDA:13,0,0,1
BRDA:13,1,0,0
BRDA:13,1,1,4
BRDA:13,2,0,4
BRDA:13,2,1,4
BRDA:35,3,0,1
BRDA:38,4,0,1
BRDA:39,5,0,0
BRDA:52,6,0,1
BRDA:52,7,0,0
BRDA:52,7,1,3
BRDA:52,8,0,3
BRDA:52,8,1,3
BRDA:73,9,0,0
BRDA:76,10,0,1
BRDA:88,11,0,0
BRDA:88,12,0,0
BRDA:88,12,1,2
BRDA:88,13,0,2
BRDA:88,13,1,2
BRDA:110,14,0,0
BRDA:113,15,0,1
BRDA:115,16,0,1
BRDA:128,17,0,1
BRDA:128,18,0,0
BRDA:128,18,1,2
BRDA:128,19,0,2
BRDA:128,19,1,2
BRDA:144,20,0,0
BRDA:147,21,0,0
BRDA:159,22,0,0
BRDA:159,23,0,0
BRDA:159,23,1,2
BRDA:159,24,0,2
BRDA:159,24,1,2
BRDA:168,25,0,1
BRDA:168,25,1,1
BRDA:171,26,0,1
BRDA:171,26,1,1
BRDA:194,27,0,2
BRDA:194,27,1,1
BRDA:195,28,0,2
BRDA:195,28,1,1
BRDA:201,29,0,0
BRF:44
BRH:31
end_of_record
TN:
SF:src/routes/customer.routes.ts
FNF:0
FNH:0
DA:1,1
DA:2,1
DA:3,1
DA:4,1
DA:5,1
DA:10,1
DA:12,1
DA:19,1
DA:21,1
DA:23,1
DA:30,1
DA:32,1
LF:12
LH:12
BRF:0
BRH:0
end_of_record
TN:
SF:src/services/customer.service.ts
FN:13,(anonymous_7)
FN:14,(anonymous_8)
FN:80,(anonymous_9)
FN:89,(anonymous_11)
FN:89,(anonymous_12)
FN:162,(anonymous_13)
FN:174,(anonymous_15)
FN:174,(anonymous_16)
FN:254,(anonymous_17)
FN:264,(anonymous_19)
FN:264,(anonymous_20)
FN:300,(anonymous_21)
FN:322,(anonymous_23)
FN:323,(anonymous_24)
FNF:14
FNH:14
FNDA:5,(anonymous_7)
FNDA:5,(anonymous_8)
FNDA:4,(anonymous_9)
FNDA:4,(anonymous_11)
FNDA:4,(anonymous_12)
FNDA:2,(anonymous_13)
FNDA:2,(anonymous_15)
FNDA:2,(anonymous_16)
FNDA:2,(anonymous_17)
FNDA:2,(anonymous_19)
FNDA:2,(anonymous_20)
FNDA:2,(anonymous_21)
FNDA:3,(anonymous_23)
FNDA:3,(anonymous_24)
DA:6,1
DA:7,1
DA:8,1
DA:12,1
DA:14,5
DA:21,5
DA:22,5
DA:29,5
DA:30,1
DA:37,4
DA:38,2
DA:50,2
DA:51,1
DA:58,3
DA:59,1
DA:71,1
DA:72,0
DA:85,4
DA:87,4
DA:88,4
DA:89,4
DA:90,4
DA:104,2
DA:138,2
DA:147,2
DA:151,2
DA:155,2
DA:156,2
DA:158,0
DA:167,2
DA:172,2
DA:173,2
DA:174,2
DA:175,2
DA:186,2
DA:187,1
DA:190,1
DA:200,1
DA:232,1
DA:236,1
DA:240,1
DA:244,1
DA:245,1
DA:247,0
DA:258,2
DA:263,2
DA:264,2
DA:265,2
DA:272,2
DA:273,1
DA:276,1
DA:280,1
DA:286,1
DA:290,1
DA:291,1
DA:293,0
DA:304,2
DA:315,2
DA:316,1
DA:319,1
DA:323,3
DA:326,3
DA:327,3
DA:335,3
DA:337,3
DA:338,3
DA:413,3
DA:430,2
DA:434,2
DA:436,2
DA:445,2
DA:451,1
DA:455,1
LF:73
LH:69
BRDA:19,0,0,0
BRDA:21,1,0,5
BRDA:26,2,0,5
BRDA:26,2,1,1
BRDA:29,3,0,1
BRDA:37,4,0,2
BRDA:43,5,0,2
BRDA:43,5,1,0
BRDA:50,6,0,1
BRDA:58,7,0,1
BRDA:64,8,0,1
BRDA:64,8,1,0
BRDA:71,9,0,0
BRDA:93,10,0,2
BRDA:93,10,1,2
BRDA:94,11,0,0
BRDA:94,11,1,2
BRDA:94,12,0,2
BRDA:94,12,1,2
BRDA:96,13,0,2
BRDA:96,13,1,2
BRDA:97,14,0,0
BRDA:97,14,1,2
BRDA:97,15,0,2
BRDA:97,15,1,2
BRDA:114,16,0,2
BRDA:114,16,1,0
BRDA:115,17,0,1
BRDA:115,17,1,1
BRDA:115,18,0,2
BRDA:115,18,1,1
BRDA:123,19,0,1
BRDA:123,19,1,1
BRDA:123,20,0,2
BRDA:123,20,1,1
BRDA:155,21,0,2
BRDA:186,22,0,1
BRDA:193,23,0,1
BRDA:193,23,1,0
BRDA:193,24,0,1
BRDA:193,24,1,1
BRDA:194,25,0,1
BRDA:194,25,1,0
BRDA:194,26,0,1
BRDA:194,26,1,1
BRDA:209,27,0,1
BRDA:209,27,1,0
BRDA:209,28,0,1
BRDA:209,28,1,1
BRDA:217,29,0,0
BRDA:217,29,1,1
BRDA:217,30,0,1
BRDA:217,30,1,0
BRDA:244,31,0,1
BRDA:272,32,0,1
BRDA:290,33,0,1
BRDA:315,34,0,1
BRDA:324,35,0,2
BRDA:329,36,0,2
BRDA:330,37,0,2
BRDA:333,38,0,2
BRDA:334,39,0,2
BRDA:340,40,0,3
BRDA:340,40,1,1
BRDA:341,41,0,3
BRDA:341,41,1,1
BRDA:353,42,0,1
BRDA:353,42,1,0
BRDA:353,43,0,1
BRDA:353,43,1,1
BRDA:375,44,0,0
BRDA:375,44,1,1
BRDA:375,45,0,1
BRDA:375,45,1,1
BRDA:416,46,0,3
BRDA:416,46,1,1
BRDA:416,46,2,3
BRDA:419,47,0,3
BRDA:419,47,1,1
BRDA:419,47,2,2
BRDA:440,48,0,2
BRDA:440,48,1,1
BRF:82
BRH:68
end_of_record
