TN:
SF:src/controllers/customer.controller.ts
FN:10,(anonymous_8)
FN:49,(anonymous_10)
FN:85,(anonymous_12)
FN:125,(anonymous_14)
FN:156,(anonymous_16)
FNF:5
FNH:5
FNDA:14,(anonymous_8)
FNDA:5,(anonymous_10)
FNDA:3,(anonymous_12)
FNDA:3,(anonymous_14)
FNDA:5,(anonymous_16)
DA:2,2
DA:4,2
DA:5,2
DA:7,2
DA:9,2
DA:11,14
DA:12,14
DA:13,14
DA:14,2
DA:21,12
DA:26,10
DA:27,10
DA:34,2
DA:35,2
DA:36,1
DA:38,1
DA:39,1
DA:40,0
DA:42,1
DA:44,0
DA:45,0
DA:50,5
DA:51,5
DA:52,5
DA:53,1
DA:60,4
DA:64,3
DA:65,3
DA:72,1
DA:73,1
DA:74,1
DA:76,0
DA:77,0
DA:78,0
DA:80,0
DA:81,0
DA:86,3
DA:87,3
DA:88,3
DA:89,1
DA:96,2
DA:101,2
DA:102,2
DA:109,0
DA:110,0
DA:111,0
DA:113,0
DA:114,0
DA:115,0
DA:116,0
DA:118,0
DA:120,0
DA:121,0
DA:126,3
DA:127,3
DA:128,3
DA:129,1
DA:136,2
DA:140,2
DA:141,2
DA:143,0
DA:144,0
DA:145,0
DA:147,0
DA:148,0
DA:149,0
DA:151,0
DA:152,0
DA:157,5
DA:158,5
DA:159,5
DA:160,1
DA:167,4
DA:180,4
DA:184,4
DA:185,4
DA:200,0
DA:201,0
DA:202,0
DA:204,0
DA:205,0
LF:81
LH:50
BRDA:13,0,0,2
BRDA:13,1,0,0
BRDA:13,1,1,14
BRDA:13,2,0,14
BRDA:13,2,1,14
BRDA:35,3,0,1
BRDA:38,4,0,1
BRDA:39,5,0,0
BRDA:52,6,0,1
BRDA:52,7,0,0
BRDA:52,7,1,5
BRDA:52,8,0,5
BRDA:52,8,1,5
BRDA:73,9,0,1
BRDA:76,10,0,0
BRDA:88,11,0,1
BRDA:88,12,0,0
BRDA:88,12,1,3
BRDA:88,13,0,3
BRDA:88,13,1,3
BRDA:110,14,0,0
BRDA:113,15,0,0
BRDA:115,16,0,0
BRDA:128,17,0,1
BRDA:128,18,0,0
BRDA:128,18,1,3
BRDA:128,19,0,3
BRDA:128,19,1,3
BRDA:144,20,0,0
BRDA:147,21,0,0
BRDA:159,22,0,1
BRDA:159,23,0,0
BRDA:159,23,1,5
BRDA:159,24,0,5
BRDA:159,24,1,5
BRDA:168,25,0,2
BRDA:168,25,1,2
BRDA:171,26,0,2
BRDA:171,26,1,2
BRDA:194,27,0,4
BRDA:194,27,1,2
BRDA:195,28,0,4
BRDA:195,28,1,2
BRDA:201,29,0,0
BRF:44
BRH:31
end_of_record
TN:
SF:src/routes/customer.routes.ts
FNF:0
FNH:0
DA:1,2
DA:2,2
DA:3,2
DA:4,2
DA:5,2
DA:10,2
DA:12,2
DA:19,2
DA:21,2
DA:23,2
DA:30,2
DA:32,2
LF:12
LH:12
BRF:0
BRH:0
end_of_record
TN:
SF:src/services/customer.service.ts
FN:13,(anonymous_8)
FN:14,(anonymous_9)
FN:80,(anonymous_10)
FN:89,(anonymous_12)
FN:89,(anonymous_13)
FN:162,(anonymous_14)
FN:174,(anonymous_16)
FN:174,(anonymous_17)
FN:254,(anonymous_18)
FN:264,(anonymous_20)
FN:264,(anonymous_21)
FN:300,(anonymous_22)
FN:322,(anonymous_24)
FN:323,(anonymous_25)
FNF:14
FNH:14
FNDA:3,(anonymous_8)
FNDA:3,(anonymous_9)
FNDA:2,(anonymous_10)
FNDA:2,(anonymous_12)
FNDA:2,(anonymous_13)
FNDA:2,(anonymous_14)
FNDA:2,(anonymous_16)
FNDA:2,(anonymous_17)
FNDA:2,(anonymous_18)
FNDA:2,(anonymous_20)
FNDA:2,(anonymous_21)
FNDA:2,(anonymous_22)
FNDA:2,(anonymous_24)
FNDA:2,(anonymous_25)
DA:6,3
DA:7,3
DA:8,3
DA:12,3
DA:14,3
DA:21,3
DA:22,3
DA:29,3
DA:30,1
DA:37,2
DA:38,0
DA:50,0
DA:51,0
DA:58,2
DA:59,0
DA:71,0
DA:72,0
DA:85,2
DA:87,2
DA:88,2
DA:89,2
DA:90,2
DA:104,1
DA:138,1
DA:147,1
DA:151,1
DA:155,1
DA:156,1
DA:158,0
DA:167,2
DA:172,2
DA:173,2
DA:174,2
DA:175,2
DA:186,2
DA:187,1
DA:190,1
DA:200,1
DA:232,1
DA:236,1
DA:240,1
DA:244,1
DA:245,1
DA:247,0
DA:258,2
DA:263,2
DA:264,2
DA:265,2
DA:272,2
DA:273,1
DA:276,1
DA:280,1
DA:286,1
DA:290,1
DA:291,1
DA:293,0
DA:304,2
DA:315,2
DA:316,1
DA:319,1
DA:323,2
DA:326,2
DA:327,2
DA:335,2
DA:337,2
DA:338,2
DA:413,2
DA:430,1
DA:434,1
DA:436,1
DA:445,1
DA:451,1
DA:455,1
LF:73
LH:64
BRDA:19,0,0,0
BRDA:21,1,0,3
BRDA:26,2,0,3
BRDA:26,2,1,1
BRDA:29,3,0,1
BRDA:37,4,0,0
BRDA:43,5,0,0
BRDA:43,5,1,0
BRDA:50,6,0,0
BRDA:58,7,0,0
BRDA:64,8,0,0
BRDA:64,8,1,0
BRDA:71,9,0,0
BRDA:93,10,0,0
BRDA:93,10,1,2
BRDA:94,11,0,0
BRDA:94,11,1,0
BRDA:94,12,0,0
BRDA:94,12,1,0
BRDA:96,13,0,0
BRDA:96,13,1,2
BRDA:97,14,0,0
BRDA:97,14,1,0
BRDA:97,15,0,0
BRDA:97,15,1,0
BRDA:114,16,0,1
BRDA:114,16,1,1
BRDA:115,17,0,1
BRDA:115,17,1,0
BRDA:115,18,0,1
BRDA:115,18,1,1
BRDA:123,19,0,0
BRDA:123,19,1,1
BRDA:123,20,0,1
BRDA:123,20,1,0
BRDA:155,21,0,1
BRDA:186,22,0,1
BRDA:193,23,0,1
BRDA:193,23,1,0
BRDA:193,24,0,1
BRDA:193,24,1,1
BRDA:194,25,0,1
BRDA:194,25,1,0
BRDA:194,26,0,1
BRDA:194,26,1,1
BRDA:209,27,0,0
BRDA:209,27,1,1
BRDA:209,28,0,1
BRDA:209,28,1,0
BRDA:217,29,0,0
BRDA:217,29,1,1
BRDA:217,30,0,1
BRDA:217,30,1,0
BRDA:244,31,0,1
BRDA:272,32,0,1
BRDA:290,33,0,1
BRDA:315,34,0,1
BRDA:324,35,0,2
BRDA:329,36,0,2
BRDA:330,37,0,2
BRDA:333,38,0,2
BRDA:334,39,0,2
BRDA:340,40,0,2
BRDA:340,40,1,0
BRDA:341,41,0,2
BRDA:341,41,1,0
BRDA:353,42,0,0
BRDA:353,42,1,0
BRDA:353,43,0,0
BRDA:353,43,1,0
BRDA:375,44,0,0
BRDA:375,44,1,0
BRDA:375,45,0,0
BRDA:375,45,1,0
BRDA:416,46,0,2
BRDA:416,46,1,0
BRDA:416,46,2,2
BRDA:419,47,0,2
BRDA:419,47,1,0
BRDA:419,47,2,2
BRDA:440,48,0,1
BRDA:440,48,1,1
BRF:82
BRH:42
end_of_record
