TN:
SF:src/controllers/dashboard.controller.ts
FN:11,(anonymous_8)
FNF:1
FNH:1
FNDA:25,(anonymous_8)
DA:2,2
DA:4,2
DA:5,2
DA:6,2
DA:8,2
DA:10,2
DA:12,25
DA:13,25
DA:14,2
DA:17,23
DA:18,23
DA:20,18
DA:27,5
DA:29,5
DA:30,2
DA:33,3
LF:16
LH:16
BRDA:13,0,0,2
BRDA:29,1,0,2
BRF:2
BRH:2
end_of_record
TN:
SF:src/routes/dashboard.routes.ts
FN:8,(anonymous_0)
FNF:1
FNH:1
FNDA:19,(anonymous_0)
DA:1,2
DA:2,2
DA:3,2
DA:5,2
DA:6,2
DA:8,19
DA:10,2
LF:7
LH:7
BRF:0
BRH:0
end_of_record
TN:
SF:src/services/dashboard.service.ts
FN:12,(anonymous_8)
FN:33,(anonymous_10)
FN:54,(anonymous_12)
FN:63,(anonymous_14)
FN:72,(anonymous_16)
FN:73,(anonymous_17)
FN:123,(anonymous_18)
FN:137,(anonymous_19)
FN:140,(anonymous_20)
FN:147,(anonymous_21)
FN:168,(anonymous_23)
FN:173,(anonymous_24)
FN:179,(anonymous_25)
FN:194,(anonymous_27)
FN:209,(anonymous_29)
FN:218,(anonymous_31)
FN:227,(anonymous_33)
FN:248,(anonymous_35)
FN:253,(anonymous_36)
FN:259,(anonymous_37)
FN:278,(anonymous_39)
FNF:21
FNH:21
FNDA:4,(anonymous_8)
FNDA:3,(anonymous_10)
FNDA:3,(anonymous_12)
FNDA:3,(anonymous_14)
FNDA:5,(anonymous_16)
FNDA:5,(anonymous_17)
FNDA:8,(anonymous_18)
FNDA:13,(anonymous_19)
FNDA:8,(anonymous_20)
FNDA:4,(anonymous_21)
FNDA:15,(anonymous_23)
FNDA:20,(anonymous_24)
FNDA:3,(anonymous_25)
FNDA:3,(anonymous_27)
FNDA:3,(anonymous_29)
FNDA:3,(anonymous_31)
FNDA:3,(anonymous_33)
FNDA:15,(anonymous_35)
FNDA:15,(anonymous_36)
FNDA:4,(anonymous_37)
FNDA:2,(anonymous_39)
DA:1,3
DA:2,3
DA:3,3
DA:11,3
DA:13,4
DA:14,4
DA:16,4
DA:30,3
DA:34,3
DA:35,3
DA:37,3
DA:51,2
DA:55,3
DA:64,3
DA:73,5
DA:76,5
DA:123,5
DA:125,8
DA:126,8
DA:127,4
DA:128,4
DA:129,3
DA:132,8
DA:137,13
DA:140,8
DA:150,4
DA:159,4
DA:168,4
DA:169,15
DA:173,20
DA:180,3
DA:181,3
DA:183,3
DA:195,3
DA:196,3
DA:198,3
DA:210,3
DA:219,3
DA:230,3
DA:239,3
DA:248,3
DA:249,15
DA:253,15
DA:260,4
DA:275,4
DA:292,2
DA:307,1
LF:47
LH:47
BRDA:30,0,0,3
BRDA:30,0,1,1
BRDA:30,1,0,0
BRDA:30,1,1,3
BRDA:30,2,0,3
BRDA:30,2,1,3
BRDA:51,3,0,2
BRDA:51,3,1,0
BRDA:51,4,0,0
BRDA:51,4,1,2
BRDA:51,5,0,2
BRDA:51,5,1,2
BRDA:74,6,0,4
BRDA:126,7,0,4
BRDA:126,7,1,4
BRDA:126,8,0,8
BRDA:126,8,1,5
BRDA:128,9,0,3
BRDA:128,10,0,4
BRDA:128,10,1,3
BRDA:275,11,0,3
BRDA:275,11,1,1
BRF:22
BRH:19
end_of_record
