TN:
SF:src/__tests__/mocks/axios.mock.ts
FN:11,(anonymous_0)
FNF:1
FNH:1
FNDA:1,(anonymous_0)
DA:1,1
DA:4,1
DA:11,1
DA:19,1
LF:4
LH:4
BRF:0
BRH:0
end_of_record
TN:
SF:src/__tests__/mocks/prisma.mock.ts
FN:29,(anonymous_0)
FNF:1
FNH:1
FNDA:1,(anonymous_0)
DA:1,1
DA:4,1
DA:29,1
DA:30,1
DA:31,1
DA:43,1
LF:6
LH:6
BRF:0
BRH:0
end_of_record
TN:
SF:src/__tests__/mocks/test-data.ts
FNF:0
FNH:0
DA:1,1
DA:11,1
DA:91,1
DA:103,1
DA:115,1
DA:135,1
DA:140,1
DA:148,1
DA:152,1
DA:156,1
LF:10
LH:10
BRF:0
BRH:0
end_of_record
TN:
SF:src/controllers/invoice.controller.ts
FN:15,(anonymous_8)
FN:51,(anonymous_10)
FN:86,(anonymous_12)
FN:122,(anonymous_14)
FN:156,(anonymous_16)
FN:228,(anonymous_18)
FN:264,(anonymous_20)
FN:343,(anonymous_22)
FN:388,(anonymous_24)
FN:538,(anonymous_26)
FNF:10
FNH:0
FNDA:0,(anonymous_8)
FNDA:0,(anonymous_10)
FNDA:0,(anonymous_12)
FNDA:0,(anonymous_14)
FNDA:0,(anonymous_16)
FNDA:0,(anonymous_18)
FNDA:0,(anonymous_20)
FNDA:0,(anonymous_22)
FNDA:0,(anonymous_24)
FNDA:0,(anonymous_26)
DA:2,0
DA:5,0
DA:6,0
DA:11,0
DA:12,0
DA:14,0
DA:16,0
DA:17,0
DA:18,0
DA:19,0
DA:25,0
DA:30,0
DA:31,0
DA:38,0
DA:39,0
DA:40,0
DA:42,0
DA:43,0
DA:44,0
DA:46,0
DA:47,0
DA:52,0
DA:53,0
DA:54,0
DA:55,0
DA:61,0
DA:65,0
DA:66,0
DA:73,0
DA:74,0
DA:75,0
DA:77,0
DA:78,0
DA:79,0
DA:81,0
DA:82,0
DA:87,0
DA:88,0
DA:89,0
DA:90,0
DA:96,0
DA:101,0
DA:102,0
DA:109,0
DA:110,0
DA:111,0
DA:113,0
DA:114,0
DA:115,0
DA:117,0
DA:118,0
DA:123,0
DA:124,0
DA:125,0
DA:126,0
DA:132,0
DA:136,0
DA:137,0
DA:143,0
DA:144,0
DA:145,0
DA:147,0
DA:148,0
DA:149,0
DA:151,0
DA:152,0
DA:157,0
DA:158,0
DA:159,0
DA:160,0
DA:167,0
DA:196,0
DA:200,0
DA:201,0
DA:219,0
DA:220,0
DA:221,0
DA:223,0
DA:224,0
DA:229,0
DA:230,0
DA:231,0
DA:232,0
DA:238,0
DA:243,0
DA:244,0
DA:251,0
DA:252,0
DA:253,0
DA:255,0
DA:256,0
DA:257,0
DA:259,0
DA:260,0
DA:265,0
DA:266,0
DA:267,0
DA:269,0
DA:270,0
DA:277,0
DA:283,0
DA:284,0
DA:291,0
DA:306,0
DA:307,0
DA:313,0
DA:316,0
DA:317,0
DA:321,0
DA:323,0
DA:328,0
DA:330,0
DA:331,0
DA:332,0
DA:334,0
DA:335,0
DA:336,0
DA:338,0
DA:339,0
DA:344,0
DA:345,0
DA:346,0
DA:347,0
DA:354,0
DA:360,0
DA:368,0
DA:374,0
DA:378,0
DA:379,0
DA:381,0
DA:382,0
DA:384,0
DA:392,0
DA:393,0
DA:397,0
DA:398,0
DA:405,0
DA:409,0
DA:410,0
DA:418,0
DA:419,0
DA:420,0
DA:422,0
DA:429,0
DA:437,0
DA:439,0
DA:447,0
DA:449,0
DA:453,0
DA:454,0
DA:456,0
DA:457,0
DA:459,0
DA:539,0
DA:540,0
DA:544,0
DA:545,0
DA:552,0
DA:573,0
DA:579,0
DA:580,0
DA:595,0
DA:599,0
DA:600,0
DA:602,0
LF:165
LH:0
BRDA:18,0,0,0
BRDA:18,1,0,0
BRDA:18,1,1,0
BRDA:18,2,0,0
BRDA:18,2,1,0
BRDA:38,3,0,0
BRDA:42,4,0,0
BRDA:54,5,0,0
BRDA:54,6,0,0
BRDA:54,6,1,0
BRDA:54,7,0,0
BRDA:54,7,1,0
BRDA:74,8,0,0
BRDA:77,9,0,0
BRDA:89,10,0,0
BRDA:89,11,0,0
BRDA:89,11,1,0
BRDA:89,12,0,0
BRDA:89,12,1,0
BRDA:110,13,0,0
BRDA:113,14,0,0
BRDA:125,15,0,0
BRDA:125,16,0,0
BRDA:125,16,1,0
BRDA:125,17,0,0
BRDA:125,17,1,0
BRDA:144,18,0,0
BRDA:147,19,0,0
BRDA:159,20,0,0
BRDA:159,21,0,0
BRDA:159,21,1,0
BRDA:159,22,0,0
BRDA:159,22,1,0
BRDA:168,23,0,0
BRDA:168,23,1,0
BRDA:171,24,0,0
BRDA:171,24,1,0
BRDA:176,25,0,0
BRDA:176,25,1,0
BRDA:181,26,0,0
BRDA:181,26,1,0
BRDA:184,27,0,0
BRDA:184,27,1,0
BRDA:210,28,0,0
BRDA:210,28,1,0
BRDA:211,29,0,0
BRDA:211,29,1,0
BRDA:220,30,0,0
BRDA:231,31,0,0
BRDA:231,32,0,0
BRDA:231,32,1,0
BRDA:231,33,0,0
BRDA:231,33,1,0
BRDA:252,34,0,0
BRDA:255,35,0,0
BRDA:269,36,0,0
BRDA:269,37,0,0
BRDA:269,37,1,0
BRDA:269,38,0,0
BRDA:269,38,1,0
BRDA:283,39,0,0
BRDA:283,40,0,0
BRDA:283,40,1,0
BRDA:283,41,0,0
BRDA:283,41,1,0
BRDA:306,42,0,0
BRDA:306,43,0,0
BRDA:306,43,1,0
BRDA:331,44,0,0
BRDA:334,45,0,0
BRDA:346,46,0,0
BRDA:346,47,0,0
BRDA:346,47,1,0
BRDA:346,48,0,0
BRDA:346,48,1,0
BRDA:378,49,0,0
BRDA:381,50,0,0
BRDA:397,51,0,0
BRDA:397,52,0,0
BRDA:397,52,1,0
BRDA:397,53,0,0
BRDA:397,53,1,0
BRDA:409,54,0,0
BRDA:409,55,0,0
BRDA:409,55,1,0
BRDA:453,56,0,0
BRDA:456,57,0,0
BRDA:544,58,0,0
BRDA:544,59,0,0
BRDA:544,59,1,0
BRDA:544,60,0,0
BRDA:544,60,1,0
BRDA:553,61,0,0
BRDA:553,61,1,0
BRDA:556,62,0,0
BRDA:556,62,1,0
BRDA:563,63,0,0
BRDA:563,63,1,0
BRDA:566,64,0,0
BRDA:566,64,1,0
BRDA:589,65,0,0
BRDA:589,65,1,0
BRDA:590,66,0,0
BRDA:590,66,1,0
BRDA:599,67,0,0
BRF:105
BRH:0
end_of_record
TN:
SF:src/routes/invoice.routes.ts
FNF:0
FNH:0
DA:1,0
DA:2,0
DA:3,0
DA:4,0
DA:5,0
DA:12,0
DA:14,0
DA:21,0
DA:23,0
DA:30,0
DA:32,0
DA:34,0
DA:41,0
DA:43,0
DA:50,0
DA:52,0
DA:59,0
LF:17
LH:0
BRF:0
BRH:0
end_of_record
TN:
SF:src/services/invoice.service.ts
FN:26,(anonymous_8)
FN:41,(anonymous_9)
FN:42,(anonymous_10)
FN:63,(anonymous_11)
FN:66,(anonymous_12)
FN:67,(anonymous_13)
FN:85,(anonymous_14)
FN:94,(anonymous_16)
FN:94,(anonymous_17)
FN:100,(anonymous_18)
FN:101,(anonymous_19)
FN:130,(anonymous_20)
FN:130,(anonymous_21)
FN:259,(anonymous_22)
FN:266,(anonymous_24)
FN:266,(anonymous_25)
FN:323,(anonymous_26)
FN:357,(anonymous_28)
FN:362,(anonymous_30)
FN:362,(anonymous_31)
FN:391,(anonymous_32)
FN:392,(anonymous_33)
FN:603,(anonymous_34)
FN:610,(anonymous_36)
FN:610,(anonymous_37)
FN:680,(anonymous_38)
FN:826,(anonymous_40)
FN:1212,(anonymous_42)
FN:1216,(anonymous_44)
FN:1216,(anonymous_45)
FN:1247,(anonymous_46)
FN:1248,(anonymous_47)
FNF:32
FNH:28
FNDA:0,(anonymous_8)
FNDA:1,(anonymous_9)
FNDA:1,(anonymous_10)
FNDA:0,(anonymous_11)
FNDA:12,(anonymous_12)
FNDA:12,(anonymous_13)
FNDA:4,(anonymous_14)
FNDA:1,(anonymous_16)
FNDA:1,(anonymous_17)
FNDA:1,(anonymous_18)
FNDA:1,(anonymous_19)
FNDA:0,(anonymous_20)
FNDA:0,(anonymous_21)
FNDA:4,(anonymous_22)
FNDA:4,(anonymous_24)
FNDA:4,(anonymous_25)
FNDA:9,(anonymous_26)
FNDA:3,(anonymous_28)
FNDA:3,(anonymous_30)
FNDA:3,(anonymous_31)
FNDA:2,(anonymous_32)
FNDA:2,(anonymous_33)
FNDA:5,(anonymous_34)
FNDA:5,(anonymous_36)
FNDA:5,(anonymous_37)
FNDA:4,(anonymous_38)
FNDA:3,(anonymous_40)
FNDA:2,(anonymous_42)
FNDA:1,(anonymous_44)
FNDA:1,(anonymous_45)
FNDA:2,(anonymous_46)
FNDA:2,(anonymous_47)
DA:9,1
DA:10,1
DA:11,1
DA:12,1
DA:18,1
DA:23,1
DA:25,1
DA:30,0
DA:31,0
DA:32,0
DA:35,0
DA:36,0
DA:37,0
DA:38,0
DA:42,1
DA:46,1
DA:47,1
DA:49,1
DA:56,1
DA:57,1
DA:63,0
DA:67,12
DA:71,12
DA:78,12
DA:79,2
DA:82,10
DA:90,4
DA:92,4
DA:93,4
DA:94,1
DA:95,1
DA:96,1
DA:99,1
DA:100,1
DA:101,1
DA:103,1
DA:110,0
DA:130,0
DA:132,0
DA:133,0
DA:134,0
DA:135,0
DA:137,0
DA:138,0
DA:141,0
DA:142,0
DA:147,0
DA:149,0
DA:150,0
DA:151,0
DA:154,0
DA:157,0
DA:163,0
DA:165,0
DA:167,0
DA:173,0
DA:186,0
DA:189,0
DA:206,0
DA:231,0
DA:241,0
DA:245,2
DA:249,2
DA:250,1
DA:252,1
DA:264,4
DA:265,4
DA:266,4
DA:267,4
DA:273,3
DA:277,1
DA:283,2
DA:284,1
DA:290,1
DA:309,1
DA:313,3
DA:314,3
DA:316,0
DA:327,9
DA:350,9
DA:351,1
DA:354,8
DA:361,3
DA:362,3
DA:363,3
DA:369,2
DA:370,1
DA:376,1
DA:381,2
DA:382,2
DA:384,0
DA:392,2
DA:419,2
DA:421,2
DA:422,2
DA:425,2
DA:426,1
DA:430,2
DA:431,0
DA:435,2
DA:436,0
DA:443,2
DA:444,0
DA:451,2
DA:452,1
DA:453,1
DA:512,2
DA:542,2
DA:550,2
DA:586,2
DA:588,2
DA:608,5
DA:609,5
DA:610,5
DA:611,5
DA:617,5
DA:618,1
DA:624,4
DA:625,1
DA:631,3
DA:637,3
DA:640,3
DA:641,1
DA:647,2
DA:654,2
DA:660,2
DA:666,2
DA:670,3
DA:671,3
DA:673,0
DA:685,4
DA:689,4
DA:691,4
DA:695,4
DA:696,1
DA:700,3
DA:703,3
DA:704,1
DA:708,2
DA:722,2
DA:723,1
DA:729,1
DA:732,1
DA:737,1
DA:771,1
DA:790,1
DA:791,1
DA:797,1
DA:807,3
DA:816,3
DA:817,3
DA:819,0
DA:832,3
DA:836,3
DA:838,3
DA:842,3
DA:843,0
DA:847,3
DA:861,3
DA:862,0
DA:868,3
DA:871,3
DA:875,3
DA:878,3
DA:880,2
DA:881,1
DA:888,1
DA:912,1
DA:914,1
DA:916,1
DA:920,2
DA:970,2
DA:991,2
DA:992,2
DA:998,2
DA:1009,1
DA:1018,1
DA:1019,1
DA:1021,0
DA:1213,2
DA:1215,2
DA:1216,2
DA:1219,1
DA:1231,1
DA:1236,1
DA:1240,1
DA:1248,2
DA:1252,2
DA:1256,2
DA:1268,2
DA:1270,2
DA:1271,2
DA:1313,2
DA:1331,2
DA:1335,2
DA:1337,2
DA:1347,2
DA:1353,0
DA:1357,0
LF:199
LH:154
BRDA:44,0,0,0
BRDA:47,1,0,0
BRDA:56,2,0,1
BRDA:69,3,0,0
BRDA:78,4,0,2
BRDA:134,5,0,0
BRDA:134,5,1,0
BRDA:137,6,0,0
BRDA:141,7,0,0
BRDA:167,8,0,0
BRDA:168,9,0,0
BRDA:168,9,1,0
BRDA:168,9,2,0
BRDA:178,10,0,0
BRDA:178,10,1,0
BRDA:191,11,0,0
BRDA:191,11,1,0
BRDA:193,12,0,0
BRDA:193,12,1,0
BRDA:249,13,0,1
BRDA:273,14,0,1
BRDA:274,15,0,3
BRDA:274,15,1,1
BRDA:283,16,0,1
BRDA:313,17,0,3
BRDA:350,18,0,1
BRDA:369,19,0,1
BRDA:381,20,0,2
BRDA:393,21,0,0
BRDA:408,22,0,1
BRDA:409,23,0,1
BRDA:417,24,0,2
BRDA:418,25,0,2
BRDA:425,26,0,1
BRDA:430,27,0,0
BRDA:435,28,0,0
BRDA:435,29,0,2
BRDA:435,29,1,2
BRDA:437,30,0,0
BRDA:437,30,1,0
BRDA:438,31,0,0
BRDA:438,31,1,0
BRDA:443,32,0,0
BRDA:443,33,0,2
BRDA:443,33,1,2
BRDA:445,34,0,0
BRDA:445,34,1,0
BRDA:446,35,0,0
BRDA:446,35,1,0
BRDA:451,36,0,1
BRDA:617,37,0,1
BRDA:624,38,0,1
BRDA:637,39,0,3
BRDA:637,39,1,3
BRDA:640,40,0,1
BRDA:654,41,0,2
BRDA:670,42,0,3
BRDA:695,43,0,1
BRDA:695,44,0,0
BRDA:695,44,1,4
BRDA:695,45,0,4
BRDA:695,45,1,4
BRDA:703,46,0,1
BRDA:722,47,0,1
BRDA:722,48,0,2
BRDA:722,48,1,1
BRDA:732,49,0,0
BRDA:732,49,1,1
BRDA:732,50,0,0
BRDA:732,50,1,1
BRDA:732,51,0,1
BRDA:732,51,1,1
BRDA:733,52,0,0
BRDA:733,52,1,0
BRDA:733,53,0,0
BRDA:733,53,1,0
BRDA:733,54,0,0
BRDA:733,54,1,0
BRDA:733,55,0,0
BRDA:733,55,1,0
BRDA:734,56,0,0
BRDA:734,56,1,1
BRDA:734,57,0,1
BRDA:734,57,1,1
BRDA:734,58,0,0
BRDA:734,58,1,1
BRDA:734,59,0,1
BRDA:734,59,1,1
BRDA:734,60,0,0
BRDA:734,60,1,1
BRDA:734,61,0,1
BRDA:734,61,1,1
BRDA:734,62,0,0
BRDA:734,62,1,1
BRDA:734,63,0,1
BRDA:734,63,1,1
BRDA:764,64,0,0
BRDA:764,64,1,1
BRDA:764,65,0,1
BRDA:764,65,1,1
BRDA:790,66,0,1
BRDA:802,67,0,0
BRDA:802,67,1,1
BRDA:802,68,0,1
BRDA:802,68,1,1
BRDA:816,69,0,3
BRDA:842,70,0,0
BRDA:842,71,0,0
BRDA:842,71,1,3
BRDA:842,72,0,3
BRDA:842,72,1,3
BRDA:861,73,0,0
BRDA:861,74,0,3
BRDA:861,74,1,3
BRDA:871,75,0,0
BRDA:871,75,1,3
BRDA:871,76,0,0
BRDA:871,76,1,3
BRDA:871,77,0,3
BRDA:871,77,1,3
BRDA:872,78,0,0
BRDA:872,78,1,0
BRDA:872,79,0,0
BRDA:872,79,1,0
BRDA:872,80,0,0
BRDA:872,80,1,0
BRDA:872,81,0,0
BRDA:872,81,1,0
BRDA:873,82,0,0
BRDA:873,82,1,3
BRDA:873,83,0,3
BRDA:873,83,1,3
BRDA:873,84,0,0
BRDA:873,84,1,3
BRDA:873,85,0,3
BRDA:873,85,1,3
BRDA:873,86,0,0
BRDA:873,86,1,3
BRDA:873,87,0,3
BRDA:873,87,1,3
BRDA:873,88,0,0
BRDA:873,88,1,3
BRDA:873,89,0,3
BRDA:873,89,1,3
BRDA:878,90,0,2
BRDA:878,91,0,3
BRDA:878,91,1,2
BRDA:880,92,0,1
BRDA:880,93,0,2
BRDA:880,93,1,1
BRDA:942,94,0,1
BRDA:942,94,1,1
BRDA:960,95,0,0
BRDA:960,95,1,2
BRDA:960,96,0,2
BRDA:960,96,1,2
BRDA:961,97,0,0
BRDA:961,97,1,2
BRDA:961,98,0,2
BRDA:961,98,1,2
BRDA:963,99,0,0
BRDA:963,99,1,2
BRDA:963,100,0,2
BRDA:963,100,1,2
BRDA:975,101,0,1
BRDA:975,101,1,1
BRDA:991,102,0,2
BRDA:1003,103,0,0
BRDA:1003,103,1,2
BRDA:1003,104,0,2
BRDA:1003,104,1,2
BRDA:1018,105,0,1
BRDA:1250,106,0,0
BRDA:1258,107,0,1
BRDA:1259,108,0,1
BRDA:1266,109,0,2
BRDA:1267,110,0,2
BRDA:1274,111,0,2
BRDA:1274,111,1,1
BRDA:1275,112,0,2
BRDA:1275,112,1,0
BRDA:1280,113,0,2
BRDA:1280,113,1,0
BRDA:1285,114,0,2
BRDA:1285,114,1,0
BRDA:1290,115,0,2
BRDA:1290,115,1,0
BRDA:1295,116,0,2
BRDA:1295,116,1,1
BRDA:1342,117,0,2
BRDA:1342,117,1,1
BRF:191
BRH:119
end_of_record
