TN:
SF:src/controllers/email.controller.ts
FN:6,(anonymous_7)
FN:18,(anonymous_9)
FN:35,(anonymous_11)
FNF:3
FNH:3
FNDA:1,(anonymous_7)
FNDA:1,(anonymous_9)
FNDA:9,(anonymous_11)
DA:2,2
DA:3,2
DA:5,2
DA:7,1
DA:8,1
DA:9,1
DA:10,1
DA:19,1
DA:20,1
DA:21,1
DA:27,1
DA:36,9
DA:37,9
DA:39,9
DA:40,2
DA:47,7
DA:51,7
DA:52,3
DA:53,4
DA:54,3
DA:56,1
DA:59,6
DA:67,6
DA:74,1
DA:75,1
LF:25
LH:25
BRDA:39,0,0,2
BRDA:39,1,0,9
BRDA:39,1,1,9
BRDA:39,1,2,9
BRDA:39,1,3,7
BRDA:51,2,0,3
BRDA:51,2,1,4
BRDA:53,3,0,3
BRDA:53,3,1,1
BRDA:60,4,0,4
BRDA:60,4,1,2
BRDA:64,5,0,6
BRDA:64,5,1,1
BRF:13
BRH:13
end_of_record
TN:
SF:src/routes/email.routes.ts
FNF:0
FNH:0
DA:1,1
DA:2,1
DA:4,1
DA:6,1
DA:7,1
DA:8,1
DA:10,1
LF:7
LH:7
BRF:0
BRH:0
end_of_record
TN:
SF:src/services/email.service.ts
FN:9,(anonymous_17)
FN:31,(anonymous_18)
FN:32,(anonymous_19)
FN:50,(anonymous_20)
FN:66,(anonymous_21)
FN:67,(anonymous_22)
FN:84,(anonymous_23)
FN:107,(anonymous_24)
FN:108,(anonymous_25)
FN:131,(anonymous_26)
FNF:10
FNH:10
FNDA:16,(anonymous_17)
FNDA:5,(anonymous_18)
FNDA:5,(anonymous_19)
FNDA:6,(anonymous_20)
FNDA:4,(anonymous_21)
FNDA:4,(anonymous_22)
FNDA:4,(anonymous_23)
FNDA:6,(anonymous_24)
FNDA:6,(anonymous_25)
FNDA:6,(anonymous_26)
DA:1,3
DA:3,3
DA:4,3
DA:6,3
DA:10,16
DA:11,16
DA:13,16
DA:14,16
DA:15,2
DA:18,2
DA:24,14
DA:28,14
DA:32,5
DA:43,5
DA:44,5
DA:45,5
DA:47,5
DA:48,5
DA:49,5
DA:50,6
DA:52,5
DA:55,3
DA:56,3
DA:58,2
DA:62,2
DA:67,4
DA:78,4
DA:79,4
DA:80,4
DA:82,4
DA:83,4
DA:84,4
DA:85,4
DA:87,4
DA:90,2
DA:94,2
DA:96,2
DA:100,2
DA:108,6
DA:121,6
DA:125,6
DA:126,6
DA:128,6
DA:129,6
DA:130,6
DA:131,6
DA:133,6
DA:140,6
DA:143,4
DA:147,4
DA:149,2
DA:153,2
LF:52
LH:52
BRDA:14,0,0,2
BRDA:35,1,0,4
BRDA:70,2,0,3
BRDA:113,3,0,5
BRF:4
BRH:4
end_of_record
